<?xml version="1.0" encoding="UTF-8"?>
<testng-results skipped="0" failed="0" ignored="0" total="1" passed="1">
  <reporter-output>
  </reporter-output>
  <suite name="Default suite" duration-ms="21978" started-at="2019-12-29T05:16:24Z" finished-at="2019-12-29T05:16:46Z">
    <groups>
    </groups>
    <test name="Default test" duration-ms="21978" started-at="2019-12-29T05:16:24Z" finished-at="2019-12-29T05:16:46Z">
      <class name="extent.reports.Demo">
        <test-method status="PASS" signature="getLoginpageTitle()[pri:0, instance:extent.reports.Demo@cb5822]" name="getLoginpageTitle" duration-ms="14675" started-at="2019-12-29T05:16:24Z" finished-at="2019-12-29T05:16:39Z">
          <reporter-output>
          </reporter-output>
        </test-method> <!-- getLoginpageTitle -->
        <test-method status="PASS" signature="postTestExe()[pri:0, instance:extent.reports.Demo@cb5822]" name="postTestExe" is-config="true" duration-ms="7268" started-at="2019-12-29T05:16:39Z" finished-at="2019-12-29T05:16:46Z">
          <reporter-output>
          </reporter-output>
        </test-method> <!-- postTestExe -->
      </class> <!-- extent.reports.Demo -->
    </test> <!-- Default test -->
  </suite> <!-- Default suite -->
</testng-results>
